<?xml version="1.0" encoding="UTF-8"?>
<testsuite name="edu.cscc.topics.tools.build.ConstantToCamelIT" tests="2" skipped="0" failures="0" errors="0" timestamp="2019-04-30T04:46:40" hostname="a-17a4egso4u7az" time="5.199">
  <properties/>
  <testcase name="replacesJavaStyleConstantWithCamelCase" classname="edu.cscc.topics.tools.build.ConstantToCamelIT" time="3.96"/>
  <testcase name="replacesDefaultJavaStyleConstantWithCamelCase" classname="edu.cscc.topics.tools.build.ConstantToCamelIT" time="1.239"/>
  <system-out><![CDATA[]]></system-out>
  <system-err><![CDATA[SLF4J: Failed to load class "org.slf4j.impl.StaticLoggerBinder".
SLF4J: Defaulting to no-operation (NOP) logger implementation
SLF4J: See http://www.slf4j.org/codes.html#StaticLoggerBinder for further details.
]]></system-err>
</testsuite>
