<?xml version="1.0" encoding="UTF-8"?>
<testsuite name="edu.cscc.topics.tools.build.ConstantToCamelTest" tests="1" skipped="0" failures="0" errors="0" timestamp="2019-04-30T04:46:40" hostname="a-17a4egso4u7az" time="0.015">
  <properties/>
  <testcase name="replacesJavaStyleConstantWithCamelCase" classname="edu.cscc.topics.tools.build.ConstantToCamelTest" time="0.015"/>
  <system-out><![CDATA[]]></system-out>
  <system-err><![CDATA[]]></system-err>
</testsuite>
